<?xml version="1.0" encoding="UTF-8"?>
<!-- Generated by org.testng.reporters.JUnitReportReporter -->
<testsuite hostname="L-SJC-10005066" name="com.pom.android.EcommercApp.test.TestmessagesButton_InHomeMenu" tests="1" failures="0" timestamp="7 Apr 2017 23:23:53 GMT" time="130.146" errors="0">
  <testcase name="navigationButtonTest" time="130.146" classname="com.pom.android.EcommercApp.test.TestmessagesButton_InHomeMenu"/>
</testsuite> <!-- com.pom.android.EcommercApp.test.TestmessagesButton_InHomeMenu -->
