<?xml version="1.0" encoding="UTF-8"?>
<!-- Generated by org.testng.reporters.JUnitReportReporter -->
<testsuite hostname="L-SJC-10005066" name="com.pom.android.EcommercApp.test.TestPurchaseButton_InhomeMenu" tests="1" failures="0" timestamp="11 Apr 2017 05:35:22 GMT" time="48.994" errors="0">
  <testcase name="purchasesButtonTest" time="48.994" classname="com.pom.android.EcommercApp.test.TestPurchaseButton_InhomeMenu"/>
</testsuite> <!-- com.pom.android.EcommercApp.test.TestPurchaseButton_InhomeMenu -->
