<?xml version="1.0" encoding="UTF-8"?>
<!-- Generated by org.testng.reporters.JUnitReportReporter -->
<testsuite hostname="L-SJC-10005066" name="com.pom.android.EcommercApp.test.TestHomeMenuList" tests="1" failures="0" timestamp="7 Apr 2017 20:31:43 GMT" time="42.014" errors="0">
  <testcase name="homeMenuListTest" time="42.014" classname="com.pom.android.EcommercApp.test.TestHomeMenuList"/>
</testsuite> <!-- com.pom.android.EcommercApp.test.TestHomeMenuList -->
