<?xml version="1.0" encoding="UTF-8"?>
<!-- Generated by org.testng.reporters.JUnitReportReporter -->
<testsuite hostname="L-SJC-10005066" name="com.pom.android.EcommercApp.test.TestDealButton_InHomeMenu" tests="1" failures="0" timestamp="11 Apr 2017 05:31:05 GMT" time="90.064" errors="0">
  <testcase name="dealsButtonTest" time="90.064" classname="com.pom.android.EcommercApp.test.TestDealButton_InHomeMenu"/>
</testsuite> <!-- com.pom.android.EcommercApp.test.TestDealButton_InHomeMenu -->
