<?xml version="1.0" encoding="UTF-8"?>
<!-- Generated by org.testng.reporters.JUnitReportReporter -->
<testsuite hostname="L-SJC-10005066" name="com.po.flipcart.POM_flipcart.test.FindRightMobileTest" tests="1" failures="0" timestamp="5 Apr 2017 05:27:11 GMT" time="85.862" errors="0">
  <testcase name="finRightMobileTest" time="85.862" classname="com.po.flipcart.POM_flipcart.test.FindRightMobileTest"/>
</testsuite> <!-- com.po.flipcart.POM_flipcart.test.FindRightMobileTest -->
