<?xml version="1.0" encoding="UTF-8"?>
<!-- Generated by org.testng.reporters.JUnitReportReporter -->
<testsuite hostname="L-SJC-10005066" name="com.pom.android.EcommercApp.test.TestWatchingButton_InHomeMenu" tests="1" failures="0" timestamp="11 Apr 2017 05:38:44 GMT" time="45.883" errors="0">
  <testcase name="watchingButtonTest" time="45.883" classname="com.pom.android.EcommercApp.test.TestWatchingButton_InHomeMenu"/>
</testsuite> <!-- com.pom.android.EcommercApp.test.TestWatchingButton_InHomeMenu -->
