<?xml version="1.0" encoding="UTF-8"?>
<!-- Generated by org.testng.reporters.JUnitReportReporter -->
<testsuite hostname="L-SJC-10005066" name="com.pom.android.EcommercApp.test.TestHomeButton" tests="1" failures="0" timestamp="7 Apr 2017 21:49:50 GMT" time="45.391" errors="0">
  <testcase name="homeButtonTest" time="45.391" classname="com.pom.android.EcommercApp.test.TestHomeButton"/>
</testsuite> <!-- com.pom.android.EcommercApp.test.TestHomeButton -->
