<?xml version="1.0" encoding="UTF-8"?>
<!-- Generated by org.testng.reporters.JUnitReportReporter -->
<testsuite hostname="L-SJC-10005066" name="com.pom.android.EcommercApp.test.TestHelpAndContact_InHomeMenu" tests="1" failures="0" timestamp="11 Apr 2017 05:43:48 GMT" time="48.199" errors="0">
  <testcase name="helpAndContactButtonTest" time="48.199" classname="com.pom.android.EcommercApp.test.TestHelpAndContact_InHomeMenu"/>
</testsuite> <!-- com.pom.android.EcommercApp.test.TestHelpAndContact_InHomeMenu -->
