<?xml version="1.0" encoding="UTF-8"?>
<!-- Generated by org.testng.reporters.JUnitReportReporter -->
<testsuite hostname="L-SJC-10005066" name="com.pom.android.EcommercApp.test.TestFollowingButton_InHomeMenu" tests="1" failures="0" timestamp="8 Apr 2017 00:24:28 GMT" time="46.565" errors="0">
  <testcase name="followingButtonTest" time="46.565" classname="com.pom.android.EcommercApp.test.TestFollowingButton_InHomeMenu"/>
</testsuite> <!-- com.pom.android.EcommercApp.test.TestFollowingButton_InHomeMenu -->
