<?xml version="1.0" encoding="UTF-8"?>
<!-- Generated by org.testng.reporters.JUnitReportReporter -->
<testsuite hostname="L-SJC-10005066" name="com.pom.android.EcommercApp.test.TestSettingsbutton_InHomemenu" tests="1" failures="0" timestamp="11 Apr 2017 05:36:54 GMT" time="46.501" errors="0">
  <testcase name="settingsButtonTest" time="46.501" classname="com.pom.android.EcommercApp.test.TestSettingsbutton_InHomemenu"/>
</testsuite> <!-- com.pom.android.EcommercApp.test.TestSettingsbutton_InHomemenu -->
