<?xml version="1.0" encoding="UTF-8"?>
<!-- Generated by org.testng.reporters.JUnitReportReporter -->
<testsuite hostname="L-SJC-10005066" name="com.pom.android.EcommercApp.test.TestSellingButon_InHomeMenu" tests="1" failures="0" timestamp="8 Apr 2017 00:18:42 GMT" time="47.977" errors="0">
  <testcase name="sellingButtonTest" time="47.977" classname="com.pom.android.EcommercApp.test.TestSellingButon_InHomeMenu"/>
</testsuite> <!-- com.pom.android.EcommercApp.test.TestSellingButon_InHomeMenu -->
