<?xml version="1.0" encoding="UTF-8"?>
<!-- Generated by org.testng.reporters.JUnitReportReporter -->
<testsuite hostname="L-SJC-10005066" name="com.pom.android.EcommercApp.test.FindListOfCategories" tests="1" failures="0" timestamp="11 Apr 2017 05:28:01 GMT" time="78.241" errors="0">
  <testcase name="findCategoriesList" time="78.241" classname="com.pom.android.EcommercApp.test.FindListOfCategories"/>
</testsuite> <!-- com.pom.android.EcommercApp.test.FindListOfCategories -->
